2020-04-19 10:10:36,310 INFO o.a.j.u.JMeterUtils: Setting Locale to zh_CN
2020-04-19 10:10:36,333 INFO o.a.j.JMeter: Loading system properties from: system.properties
2020-04-19 10:10:36,339 INFO o.a.j.JMeter: Copyright (c) 1998-2017 The Apache Software Foundation
2020-04-19 10:10:36,339 INFO o.a.j.JMeter: Version 3.2 r1790748
2020-04-19 10:10:36,339 INFO o.a.j.JMeter: java.version=1.8.0_112
2020-04-19 10:10:36,339 INFO o.a.j.JMeter: java.vm.name=Java HotSpot(TM) 64-Bit Server VM
2020-04-19 10:10:36,339 INFO o.a.j.JMeter: os.name=Windows 10
2020-04-19 10:10:36,339 INFO o.a.j.JMeter: os.arch=amd64
2020-04-19 10:10:36,340 INFO o.a.j.JMeter: os.version=10.0
2020-04-19 10:10:36,340 INFO o.a.j.JMeter: file.encoding=GBK
2020-04-19 10:10:36,340 INFO o.a.j.JMeter: Max memory     =514850816
2020-04-19 10:10:36,340 INFO o.a.j.JMeter: Available Processors =8
2020-04-19 10:10:36,348 INFO o.a.j.JMeter: Default Locale=中文 (中国)
2020-04-19 10:10:36,348 INFO o.a.j.JMeter: JMeter  Locale=中文 (中国)
2020-04-19 10:10:36,348 INFO o.a.j.JMeter: JMeterHome=C:\Users\Administrator\Desktop\autotest\target\jmeter
2020-04-19 10:10:36,349 INFO o.a.j.JMeter: user.dir  =C:\Users\Administrator\Desktop\autotest\target\jmeter\bin
2020-04-19 10:10:36,349 INFO o.a.j.JMeter: PWD       =C:\Users\Administrator\Desktop\autotest\target\jmeter\bin
2020-04-19 10:10:45,360 INFO o.a.j.JMeter: IP: 169.254.196.76 Name: DESKTOP-E78LQ55 FullName: DESKTOP-E78LQ55
2020-04-19 10:10:45,366 INFO o.a.j.s.FileServer: Default base='C:\Users\Administrator\Desktop\autotest\target\jmeter\bin'
2020-04-19 10:10:45,367 INFO o.a.j.s.FileServer: Set new base='C:\Users\Administrator\Desktop\autotest\target\jmeter\testFiles'
2020-04-19 10:10:45,479 INFO o.a.j.s.SaveService: Testplan (JMX) version: 2.2. Testlog (JTL) version: 2.2
2020-04-19 10:10:45,493 INFO o.a.j.s.SaveService: Using SaveService properties file encoding UTF-8
2020-04-19 10:10:45,497 INFO o.a.j.s.SaveService: Using SaveService properties version 3.2
2020-04-19 10:10:45,502 INFO o.a.j.s.SaveService: Loading file: C:\Users\Administrator\Desktop\autotest\target\jmeter\testFiles\hhbwg.jmx
2020-04-19 10:10:45,543 INFO o.a.j.p.h.c.CookieManager: Settings: Delete null: true Check: true Allow variable: true Save: false Prefix: COOKIE_
2020-04-19 10:10:45,552 INFO o.a.j.p.h.s.HTTPSamplerBase: Parser for text/html is org.apache.jmeter.protocol.http.parser.LagartoBasedHtmlParser
2020-04-19 10:10:45,552 INFO o.a.j.p.h.s.HTTPSamplerBase: Parser for application/xhtml+xml is org.apache.jmeter.protocol.http.parser.LagartoBasedHtmlParser
2020-04-19 10:10:45,552 INFO o.a.j.p.h.s.HTTPSamplerBase: Parser for application/xml is org.apache.jmeter.protocol.http.parser.LagartoBasedHtmlParser
2020-04-19 10:10:45,552 INFO o.a.j.p.h.s.HTTPSamplerBase: Parser for text/xml is org.apache.jmeter.protocol.http.parser.LagartoBasedHtmlParser
2020-04-19 10:10:45,552 INFO o.a.j.p.h.s.HTTPSamplerBase: Parser for text/vnd.wap.wml is org.apache.jmeter.protocol.http.parser.RegexpHTMLParser
2020-04-19 10:10:45,553 INFO o.a.j.p.h.s.HTTPSamplerBase: Parser for text/css is org.apache.jmeter.protocol.http.parser.CssParser
2020-04-19 10:10:45,629 INFO o.a.j.JMeter: Creating summariser <summary>
2020-04-19 10:10:45,634 INFO o.a.j.e.StandardJMeterEngine: Running the test!
2020-04-19 10:10:45,634 INFO o.a.j.s.SampleEvent: List of sample_variables: []
2020-04-19 10:10:45,634 INFO o.a.j.s.SampleEvent: List of sample_variables: []
2020-04-19 10:10:45,639 INFO o.a.j.e.u.CompoundVariable: Note: Function class names must contain the string: '.functions.'
2020-04-19 10:10:45,639 INFO o.a.j.e.u.CompoundVariable: Note: Function class names must not contain the string: '.gui.'
2020-04-19 10:10:45,929 INFO o.a.j.JMeter: 正在运行的测试 (1587262245929)
2020-04-19 10:10:45,973 INFO o.a.j.e.StandardJMeterEngine: Starting ThreadGroup: 1 : 线程组
2020-04-19 10:10:45,975 INFO o.a.j.e.StandardJMeterEngine: Starting 1 threads for group 线程组.
2020-04-19 10:10:45,975 INFO o.a.j.e.StandardJMeterEngine: Thread will continue on error
2020-04-19 10:10:45,976 INFO o.a.j.t.ThreadGroup: Starting thread group... number=1 threads=1 ramp-up=1 perThread=1000.0 delayedStart=false
2020-04-19 10:10:45,980 INFO o.a.j.t.ThreadGroup: Started thread group number 1
2020-04-19 10:10:45,980 INFO o.a.j.e.StandardJMeterEngine: All thread groups have been started
2020-04-19 10:10:45,985 INFO o.a.j.s.SampleResult: Note: Sample TimeStamps are START times
2020-04-19 10:10:45,985 INFO o.a.j.s.SampleResult: sampleresult.default.encoding is set to ISO-8859-1
2020-04-19 10:10:45,985 INFO o.a.j.s.SampleResult: sampleresult.useNanoTime=true
2020-04-19 10:10:45,986 INFO o.a.j.s.SampleResult: sampleresult.nanoThreadSleep=5000
2020-04-19 10:10:45,986 INFO o.a.j.t.JMeterThread: Thread started: 线程组 1-1
2020-04-19 10:10:46,003 INFO o.a.j.p.h.s.HTTPHCAbstractImpl: Local host = DESKTOP-E78LQ55
2020-04-19 10:10:46,006 INFO o.a.j.p.h.s.HTTPHC4Impl: HTTP request retry count = 0
2020-04-19 10:12:31,263 INFO o.a.j.r.Summariser: summary +      5 in 00:01:45 =    0.0/s Avg: 21012 Min: 21001 Max: 21039 Err:     5 (100.00%) Active: 1 Started: 1 Finished: 0
2020-04-19 10:13:13,297 INFO o.a.j.t.JMeterThread: Thread is done: 线程组 1-1
2020-04-19 10:13:13,297 INFO o.a.j.t.JMeterThread: Thread finished: 线程组 1-1
2020-04-19 10:13:13,298 INFO o.a.j.e.StandardJMeterEngine: Notifying test listeners of end of test
2020-04-19 10:13:13,302 INFO o.a.j.r.Summariser: summary +      2 in 00:00:42 =    0.0/s Avg: 21011 Min: 21009 Max: 21013 Err:     2 (100.00%) Active: 0 Started: 1 Finished: 1
2020-04-19 10:13:13,304 INFO o.a.j.r.Summariser: summary =      7 in 00:02:27 =    0.0/s Avg: 21011 Min: 21001 Max: 21039 Err:     7 (100.00%)
